Using pre-set license
Built from '2020.3/staging' branch; Version is '2020.3.14f1 (d0d1bb862f9d) revision 13685179'; Using compiler version '192528614'; Build Type 'Release'
OS: 'Windows 10 Pro; OS build 19043.1237; Version 2009; 64bit' Language: 'es' Physical Memory: 8129 MB
BatchMode: 1, IsHumanControllingUs: 0, StartBugReporterOnCrash: 0, Is64bit: 1, IsPro: 0

 COMMAND LINE ARGUMENTS:
C:\Program Files\Unity\Hub\Editor\2020.3.14f1\Editor\Unity.exe
-adb2
-batchMode
-noUpm
-name
AssetImportWorker0
-projectPath
E:/provaunititi
-logFile
Logs/AssetImportWorker0.log
-srvPort
50110
Successfully changed project path to: E:/provaunititi
E:/provaunititi
Using Asset Import Pipeline V2.
Refreshing native plugins compatible for Editor in 42.16 ms, found 3 plugins.
Preloading 0 native plugins for Editor in 0.00 ms.
Initialize engine version: 2020.3.14f1 (d0d1bb862f9d)
[Subsystems] Discovering subsystems at path C:/Program Files/Unity/Hub/Editor/2020.3.14f1/Editor/Data/Resources/UnitySubsystems
[Subsystems] Discovering subsystems at path E:/provaunititi/Assets
GfxDevice: creating device client; threaded=0
Direct3D:
    Version:  Direct3D 11.0 [level 11.1]
    Renderer: NVIDIA GeForce GTX 1050 (ID=0x1c81)
    Vendor:   
    VRAM:     1977 MB
    Driver:   30.0.14.7141
Initialize mono
Mono path[0] = 'C:/Program Files/Unity/Hub/Editor/2020.3.14f1/Editor/Data/Managed'
Mono path[1] = 'C:/Program Files/Unity/Hub/Editor/2020.3.14f1/Editor/Data/MonoBleedingEdge/lib/mono/unityjit'
Mono config path = 'C:/Program Files/Unity/Hub/Editor/2020.3.14f1/Editor/Data/MonoBleedingEdge/etc'
Using monoOptions --debugger-agent=transport=dt_socket,embedding=1,server=y,suspend=n,address=127.0.0.1:56344
Begin MonoManager ReloadAssembly
Registering precompiled unity dll's ...
Register platform support module: C:/Program Files/Unity/Hub/Editor/2020.3.14f1/Editor/Data/PlaybackEngines/WindowsStandaloneSupport/UnityEditor.WindowsStandalone.Extensions.dll
Registered in 0.002411 seconds.
Native extension for WindowsStandalone target not found
Refreshing native plugins compatible for Editor in 42.12 ms, found 3 plugins.
Preloading 0 native plugins for Editor in 0.00 ms.
Mono: successfully reloaded assembly
- Completed reload, in  1.206 seconds
Domain Reload Profiling:
	ReloadAssembly (1206ms)
		BeginReloadAssembly (61ms)
			ExecutionOrderSort (0ms)
			DisableScriptedObjects (0ms)
			BackupInstance (0ms)
			ReleaseScriptingObjects (0ms)
			CreateAndSetChildDomain (1ms)
		EndReloadAssembly (444ms)
			LoadAssemblies (58ms)
			RebuildTransferFunctionScriptingTraits (0ms)
			SetupTypeCache (165ms)
			ReleaseScriptCaches (0ms)
			RebuildScriptCaches (34ms)
			SetupLoadedEditorAssemblies (177ms)
				LogAssemblyErrors (0ms)
				InitializePlatformSupportModulesInManaged (4ms)
				SetLoadedEditorAssemblies (1ms)
				RefreshPlugins (42ms)
				BeforeProcessingInitializeOnLoad (10ms)
				ProcessInitializeOnLoadAttributes (89ms)
				ProcessInitializeOnLoadMethodAttributes (30ms)
				AfterProcessingInitializeOnLoad (0ms)
				EditorAssembliesLoaded (0ms)
			ExecutionOrderSort2 (0ms)
			AwakeInstancesAfterBackupRestoration (0ms)
Platform modules already initialized, skipping
Registering precompiled user dll's ...
Registered in 0.004910 seconds.
Begin MonoManager ReloadAssembly
Native extension for WindowsStandalone target not found
Refreshing native plugins compatible for Editor in 41.80 ms, found 3 plugins.
Preloading 0 native plugins for Editor in 0.00 ms.
Mono: successfully reloaded assembly
- Completed reload, in  1.245 seconds
Domain Reload Profiling:
	ReloadAssembly (1246ms)
		BeginReloadAssembly (171ms)
			ExecutionOrderSort (0ms)
			DisableScriptedObjects (5ms)
			BackupInstance (0ms)
			ReleaseScriptingObjects (0ms)
			CreateAndSetChildDomain (21ms)
		EndReloadAssembly (996ms)
			LoadAssemblies (103ms)
			RebuildTransferFunctionScriptingTraits (0ms)
			SetupTypeCache (330ms)
			ReleaseScriptCaches (0ms)
			RebuildScriptCaches (53ms)
			SetupLoadedEditorAssemblies (383ms)
				LogAssemblyErrors (0ms)
				InitializePlatformSupportModulesInManaged (5ms)
				SetLoadedEditorAssemblies (0ms)
				RefreshPlugins (42ms)
				BeforeProcessingInitializeOnLoad (95ms)
				ProcessInitializeOnLoadAttributes (218ms)
				ProcessInitializeOnLoadMethodAttributes (15ms)
				AfterProcessingInitializeOnLoad (8ms)
				EditorAssembliesLoaded (0ms)
			ExecutionOrderSort2 (0ms)
			AwakeInstancesAfterBackupRestoration (7ms)
Platform modules already initialized, skipping
========================================================================
Worker process is ready to serve import requests
Launched and connected shader compiler UnityShaderCompiler.exe after 0.06 seconds
Refreshing native plugins compatible for Editor in 0.61 ms, found 3 plugins.
Preloading 0 native plugins for Editor in 0.00 ms.
Unloading 2084 Unused Serialized files (Serialized files now loaded: 0)
System memory in use before: 92.9 MB.
System memory in use after: 92.9 MB.

Unloading 33 unused Assets to reduce memory usage. Loaded Objects now: 2517.
Total: 2.769500 ms (FindLiveObjects: 0.210300 ms CreateObjectMapping: 0.094300 ms MarkObjects: 2.285300 ms  DeleteObjects: 0.178500 ms)

AssetImportParameters requested are different than current active one (requested -> active):
  custom:framework-win-MediaFoundation: 216162199b28c13a410421893ffa2e32 -> 
  custom:video-decoder-ogg-theora: a1e56fd34408186e4bbccfd4996cb3dc -> 
  custom:container-muxer-webm: aa71ff27fc2769a1b78a27578f13a17b -> 
  custom:container-demuxer-webm: 4f35f7cbe854078d1ac9338744f61a02 -> 
  custom:container-demuxer-ogg: 62fdf1f143b41e24485cea50d1cbac27 -> 
  custom:video-encoder-webm-vp8: eb34c28f22e8b96e1ab97ce403110664 -> 
  custom:video-decoder-webm-vp8: 9c59270c3fd7afecdb556c50c9e8de78 -> 
  custom:audio-decoder-ogg-vorbis: bf7c407c2cedff20999df2af8eb42d56 -> 
  custom:audio-encoder-webm-vorbis: bf7c407c2cedff20999df2af8eb42d56 -> 
========================================================================
Received Import Request.
  path: Assets
  artifactKey: Guid(00000000000000001000000000000000) Importer(815301076,1909f56bfc062723c751e8b465ee728b)
Start importing Assets using Guid(00000000000000001000000000000000) Importer(815301076,1909f56bfc062723c751e8b465ee728b)  -> (artifact id: '42d402b061de3733987d63b9cc3b64de') in 0.013202 seconds 
  Import took 0.071711 seconds .

========================================================================
Received Import Request.
  Time since last request: 2.361714 seconds.
  path: Assets/scripts
  artifactKey: Guid(5900a1cf2782f5d46a42479e7cb1d449) Importer(815301076,1909f56bfc062723c751e8b465ee728b)
Start importing Assets/scripts using Guid(5900a1cf2782f5d46a42479e7cb1d449) Importer(815301076,1909f56bfc062723c751e8b465ee728b)  -> (artifact id: '4a11cd16b948de6c643dcccf557264cd') in 0.010561 seconds 
  Import took 0.025139 seconds .

========================================================================
Received Prepare
Registering precompiled user dll's ...
Registered in 0.005938 seconds.
Begin MonoManager ReloadAssembly
Native extension for WindowsStandalone target not found
Refreshing native plugins compatible for Editor in 0.47 ms, found 3 plugins.
Preloading 0 native plugins for Editor in 0.00 ms.
Mono: successfully reloaded assembly
- Completed reload, in  1.203 seconds
Domain Reload Profiling:
	ReloadAssembly (1204ms)
		BeginReloadAssembly (143ms)
			ExecutionOrderSort (0ms)
			DisableScriptedObjects (11ms)
			BackupInstance (0ms)
			ReleaseScriptingObjects (0ms)
			CreateAndSetChildDomain (41ms)
		EndReloadAssembly (985ms)
			LoadAssemblies (114ms)
			RebuildTransferFunctionScriptingTraits (0ms)
			SetupTypeCache (375ms)
			ReleaseScriptCaches (1ms)
			RebuildScriptCaches (48ms)
			SetupLoadedEditorAssemblies (335ms)
				LogAssemblyErrors (0ms)
				InitializePlatformSupportModulesInManaged (6ms)
				SetLoadedEditorAssemblies (1ms)
				RefreshPlugins (1ms)
				BeforeProcessingInitializeOnLoad (105ms)
				ProcessInitializeOnLoadAttributes (208ms)
				ProcessInitializeOnLoadMethodAttributes (7ms)
				AfterProcessingInitializeOnLoad (8ms)
				EditorAssembliesLoaded (0ms)
			ExecutionOrderSort2 (0ms)
			AwakeInstancesAfterBackupRestoration (12ms)
Platform modules already initialized, skipping
Refreshing native plugins compatible for Editor in 0.49 ms, found 3 plugins.
Preloading 0 native plugins for Editor in 0.00 ms.
Unloading 2080 Unused Serialized files (Serialized files now loaded: 0)
System memory in use before: 92.9 MB.
System memory in use after: 92.9 MB.

Unloading 21 unused Assets to reduce memory usage. Loaded Objects now: 2522.
Total: 2.579900 ms (FindLiveObjects: 0.211800 ms CreateObjectMapping: 0.091300 ms MarkObjects: 2.158800 ms  DeleteObjects: 0.116800 ms)

AssetImportParameters requested are different than current active one (requested -> active):
  custom:framework-win-MediaFoundation: 216162199b28c13a410421893ffa2e32 -> 
  custom:video-decoder-ogg-theora: a1e56fd34408186e4bbccfd4996cb3dc -> 
  custom:container-muxer-webm: aa71ff27fc2769a1b78a27578f13a17b -> 
  custom:container-demuxer-webm: 4f35f7cbe854078d1ac9338744f61a02 -> 
  custom:container-demuxer-ogg: 62fdf1f143b41e24485cea50d1cbac27 -> 
  custom:video-encoder-webm-vp8: eb34c28f22e8b96e1ab97ce403110664 -> 
  custom:video-decoder-webm-vp8: 9c59270c3fd7afecdb556c50c9e8de78 -> 
  custom:audio-decoder-ogg-vorbis: bf7c407c2cedff20999df2af8eb42d56 -> 
  custom:audio-encoder-webm-vorbis: bf7c407c2cedff20999df2af8eb42d56 -> 
========================================================================
Received Import Request.
  Time since last request: 1476.294661 seconds.
  path: Assets/scripts/playermoveoment.cs
  artifactKey: Guid(ae53c2c5ea6e1f34983e049262ebcf81) Importer(815301076,1909f56bfc062723c751e8b465ee728b)
Start importing Assets/scripts/playermoveoment.cs using Guid(ae53c2c5ea6e1f34983e049262ebcf81) Importer(815301076,1909f56bfc062723c751e8b465ee728b)  -> (artifact id: '9d24360b53b7b71ecbc1fa49ef89cac3') in 0.041305 seconds 
  Import took 0.113919 seconds .

========================================================================
Received Prepare
Registering precompiled user dll's ...
Registered in 0.004648 seconds.
Begin MonoManager ReloadAssembly
Native extension for WindowsStandalone target not found
Refreshing native plugins compatible for Editor in 0.46 ms, found 3 plugins.
Preloading 0 native plugins for Editor in 0.00 ms.
Mono: successfully reloaded assembly
- Completed reload, in  1.140 seconds
Domain Reload Profiling:
	ReloadAssembly (1141ms)
		BeginReloadAssembly (121ms)
			ExecutionOrderSort (0ms)
			DisableScriptedObjects (8ms)
			BackupInstance (0ms)
			ReleaseScriptingObjects (0ms)
			CreateAndSetChildDomain (37ms)
		EndReloadAssembly (947ms)
			LoadAssemblies (103ms)
			RebuildTransferFunctionScriptingTraits (0ms)
			SetupTypeCache (336ms)
			ReleaseScriptCaches (1ms)
			RebuildScriptCaches (48ms)
			SetupLoadedEditorAssemblies (343ms)
				LogAssemblyErrors (0ms)
				InitializePlatformSupportModulesInManaged (6ms)
				SetLoadedEditorAssemblies (0ms)
				RefreshPlugins (1ms)
				BeforeProcessingInitializeOnLoad (105ms)
				ProcessInitializeOnLoadAttributes (215ms)
				ProcessInitializeOnLoadMethodAttributes (8ms)
				AfterProcessingInitializeOnLoad (9ms)
				EditorAssembliesLoaded (0ms)
			ExecutionOrderSort2 (0ms)
			AwakeInstancesAfterBackupRestoration (12ms)
Platform modules already initialized, skipping
Refreshing native plugins compatible for Editor in 0.47 ms, found 3 plugins.
Preloading 0 native plugins for Editor in 0.00 ms.
Unloading 2080 Unused Serialized files (Serialized files now loaded: 0)
System memory in use before: 92.9 MB.
System memory in use after: 92.9 MB.

Unloading 21 unused Assets to reduce memory usage. Loaded Objects now: 2526.
Total: 2.744400 ms (FindLiveObjects: 0.267900 ms CreateObjectMapping: 0.087400 ms MarkObjects: 2.233100 ms  DeleteObjects: 0.155000 ms)

AssetImportParameters requested are different than current active one (requested -> active):
  custom:framework-win-MediaFoundation: 216162199b28c13a410421893ffa2e32 -> 
  custom:video-decoder-ogg-theora: a1e56fd34408186e4bbccfd4996cb3dc -> 
  custom:container-muxer-webm: aa71ff27fc2769a1b78a27578f13a17b -> 
  custom:container-demuxer-webm: 4f35f7cbe854078d1ac9338744f61a02 -> 
  custom:container-demuxer-ogg: 62fdf1f143b41e24485cea50d1cbac27 -> 
  custom:video-encoder-webm-vp8: eb34c28f22e8b96e1ab97ce403110664 -> 
  custom:video-decoder-webm-vp8: 9c59270c3fd7afecdb556c50c9e8de78 -> 
  custom:audio-decoder-ogg-vorbis: bf7c407c2cedff20999df2af8eb42d56 -> 
  custom:audio-encoder-webm-vorbis: bf7c407c2cedff20999df2af8eb42d56 -> 
========================================================================
Received Import Request.
  Time since last request: 878.073001 seconds.
  path: Assets/Banderas.png
  artifactKey: Guid(d544f3f025e1d834aa0965fdd101e83d) Importer(815301076,1909f56bfc062723c751e8b465ee728b)
Start importing Assets/Banderas.png using Guid(d544f3f025e1d834aa0965fdd101e83d) Importer(815301076,1909f56bfc062723c751e8b465ee728b)  -> (artifact id: 'e8c3d727575af59267f793f47b022241') in 0.128900 seconds 
  Import took 0.147970 seconds .

========================================================================
Received Import Request.
  Time since last request: 41.793157 seconds.
  path: Assets/Sprites
  artifactKey: Guid(08a3e4ec659ee49499f30dc918e61656) Importer(815301076,1909f56bfc062723c751e8b465ee728b)
Start importing Assets/Sprites using Guid(08a3e4ec659ee49499f30dc918e61656) Importer(815301076,1909f56bfc062723c751e8b465ee728b)  -> (artifact id: '79962e487a7ead50b94774a2765425b3') in 0.011289 seconds 
  Import took 0.015869 seconds .

========================================================================
Received Import Request.
  Time since last request: 0.123953 seconds.
  path: Assets/Sprites/Banderas.png
  artifactKey: Guid(50e6a02b1e5a083439a168edf3e3eacc) Importer(815301076,1909f56bfc062723c751e8b465ee728b)
Start importing Assets/Sprites/Banderas.png using Guid(50e6a02b1e5a083439a168edf3e3eacc) Importer(815301076,1909f56bfc062723c751e8b465ee728b)  -> (artifact id: '78583715b25cbe448bec6d1ab989b574') in 0.022724 seconds 
  Import took 0.036312 seconds .

========================================================================
Received Import Request.
  Time since last request: 0.000391 seconds.
  path: Assets/Sprites/Super_Mario_Bros._Logo.png
  artifactKey: Guid(274cf15facc480e47a807d7bf931666d) Importer(815301076,1909f56bfc062723c751e8b465ee728b)
Start importing Assets/Sprites/Super_Mario_Bros._Logo.png using Guid(274cf15facc480e47a807d7bf931666d) Importer(815301076,1909f56bfc062723c751e8b465ee728b)  -> (artifact id: 'be93620f05a88e04c0a1533090ea0702') in 0.031518 seconds 
  Import took 0.042624 seconds .

========================================================================
Received Import Request.
  Time since last request: 0.000473 seconds.
  path: Assets/Sprites/Castillo.png
  artifactKey: Guid(a65329f7787b4164794973aa8f59ab84) Importer(815301076,1909f56bfc062723c751e8b465ee728b)
Start importing Assets/Sprites/Castillo.png using Guid(a65329f7787b4164794973aa8f59ab84) Importer(815301076,1909f56bfc062723c751e8b465ee728b)  -> (artifact id: 'a8100afadf3b096511a994cf1c71628b') in 0.125424 seconds 
  Import took 0.144896 seconds .

========================================================================
Received Import Request.
  Time since last request: 0.000621 seconds.
  path: Assets/Sprites/Goombas.png
  artifactKey: Guid(a0f2ff9de1f971e4b9b1894cb3b32c90) Importer(815301076,1909f56bfc062723c751e8b465ee728b)
Start importing Assets/Sprites/Goombas.png using Guid(a0f2ff9de1f971e4b9b1894cb3b32c90) Importer(815301076,1909f56bfc062723c751e8b465ee728b)  -> (artifact id: '7b80faf613c7f234acda23c5855b38ad') in 0.042483 seconds 
  Import took 0.060807 seconds .

========================================================================
Received Import Request.
  Time since last request: 0.000344 seconds.
  path: Assets/Sprites/Coins1.png
  artifactKey: Guid(50b948477d1c55d448469af97f18f3ec) Importer(815301076,1909f56bfc062723c751e8b465ee728b)
Start importing Assets/Sprites/Coins1.png using Guid(50b948477d1c55d448469af97f18f3ec) Importer(815301076,1909f56bfc062723c751e8b465ee728b)  -> (artifact id: 'e8ce2c2d5486e0dd374aae9ec1949df8') in 0.024401 seconds 
  Import took 0.028595 seconds .

========================================================================
Received Import Request.
  Time since last request: 0.000345 seconds.
  path: Assets/Sprites/Coins2.png
  artifactKey: Guid(6e907a7e32d5f5b4f9aea9a5e39bde6d) Importer(815301076,1909f56bfc062723c751e8b465ee728b)
Start importing Assets/Sprites/Coins2.png using Guid(6e907a7e32d5f5b4f9aea9a5e39bde6d) Importer(815301076,1909f56bfc062723c751e8b465ee728b)  -> (artifact id: 'e6884a157b8391383463169f753ad3b1') in 0.023509 seconds 
  Import took 0.027328 seconds .

========================================================================
Received Import Request.
  Time since last request: 0.000353 seconds.
  path: Assets/Sprites/Ladrillos.png
  artifactKey: Guid(63ba020cae704c440bdff108ed2651d2) Importer(815301076,1909f56bfc062723c751e8b465ee728b)
Start importing Assets/Sprites/Ladrillos.png using Guid(63ba020cae704c440bdff108ed2651d2) Importer(815301076,1909f56bfc062723c751e8b465ee728b)  -> (artifact id: 'fb71469f3f58f0428c28f86efe4740e6') in 0.024035 seconds 
  Import took 0.039146 seconds .

========================================================================
Received Import Request.
  Time since last request: 0.000294 seconds.
  path: Assets/Sprites/Nuves.png
  artifactKey: Guid(168ce34e4809cd34ca6137bc4b2735b7) Importer(815301076,1909f56bfc062723c751e8b465ee728b)
Start importing Assets/Sprites/Nuves.png using Guid(168ce34e4809cd34ca6137bc4b2735b7) Importer(815301076,1909f56bfc062723c751e8b465ee728b)  -> (artifact id: '6151b0b287ccfdd72da8462ac7d9a3e1') in 0.021565 seconds 
  Import took 0.025414 seconds .

========================================================================
Received Import Request.
  Time since last request: 0.000244 seconds.
  path: Assets/Sprites/Tuberias.png
  artifactKey: Guid(96026e42c96ee534bbb064ad3bd4ddc8) Importer(815301076,1909f56bfc062723c751e8b465ee728b)
Start importing Assets/Sprites/Tuberias.png using Guid(96026e42c96ee534bbb064ad3bd4ddc8) Importer(815301076,1909f56bfc062723c751e8b465ee728b)  -> (artifact id: 'c8b686b6a247509e8ce129c522495188') in 0.022645 seconds 
  Import took 0.032086 seconds .

========================================================================
Received Import Request.
  Time since last request: 0.000246 seconds.
  path: Assets/Sprites/Cajas.png
  artifactKey: Guid(3ebd900c2a5f99047af384ce7d0ea421) Importer(815301076,1909f56bfc062723c751e8b465ee728b)
Start importing Assets/Sprites/Cajas.png using Guid(3ebd900c2a5f99047af384ce7d0ea421) Importer(815301076,1909f56bfc062723c751e8b465ee728b)  -> (artifact id: '5699e595625acc34b44f98295f9be55f') in 0.021049 seconds 
  Import took 0.039281 seconds .

========================================================================
Received Import Request.
  Time since last request: 0.000214 seconds.
  path: Assets/Sprites/Montanas.png
  artifactKey: Guid(b56eef2394c892042bad442b7d6bd6f0) Importer(815301076,1909f56bfc062723c751e8b465ee728b)
Start importing Assets/Sprites/Montanas.png using Guid(b56eef2394c892042bad442b7d6bd6f0) Importer(815301076,1909f56bfc062723c751e8b465ee728b)  -> (artifact id: 'a046aa648ee6da81f8518445067dadf4') in 0.024751 seconds 
  Import took 0.028361 seconds .

========================================================================
Received Import Request.
  Time since last request: 0.000329 seconds.
  path: Assets/Sprites/Hierbas.png
  artifactKey: Guid(eb09ed66d1c50be46b7d1ba2b1baa026) Importer(815301076,1909f56bfc062723c751e8b465ee728b)
Start importing Assets/Sprites/Hierbas.png using Guid(eb09ed66d1c50be46b7d1ba2b1baa026) Importer(815301076,1909f56bfc062723c751e8b465ee728b)  -> (artifact id: '517f606642f79b2209202b56acbe0a3e') in 0.021747 seconds 
  Import took 0.025336 seconds .

========================================================================
Received Import Request.
  Time since last request: 0.000395 seconds.
  path: Assets/Sprites/Mario.png
  artifactKey: Guid(06422a34980012e4aa1fd8e59841b63d) Importer(815301076,1909f56bfc062723c751e8b465ee728b)
Start importing Assets/Sprites/Mario.png using Guid(06422a34980012e4aa1fd8e59841b63d) Importer(815301076,1909f56bfc062723c751e8b465ee728b)  -> (artifact id: 'cde0db3f11eafb18fc7dcda1f7fc87a2') in 0.024285 seconds 
  Import took 0.054890 seconds .

========================================================================
Received Import Request.
  Time since last request: 0.000275 seconds.
  path: Assets/Sprites/Hierbas.png
  artifactKey: Guid(eb09ed66d1c50be46b7d1ba2b1baa026) Importer(815301076,1909f56bfc062723c751e8b465ee728b)
Start importing Assets/Sprites/Hierbas.png using Guid(eb09ed66d1c50be46b7d1ba2b1baa026) Importer(815301076,1909f56bfc062723c751e8b465ee728b)  -> (artifact id: '517f606642f79b2209202b56acbe0a3e') in 0.017235 seconds 
  Import took 0.030678 seconds .

AssetImportWorkerClient::OnTransportError - code=2 error=End of file
